[20024:17316:0715/173716.439:INFO:components\enterprise\browser\controller\chrome_browser_cloud_management_controller.cc:202] No machine level policy manager exists.
[20024:17316:0715/173716.527:WARNING:chrome\browser\chrome_browser_main_win.cc:863] Command line too long for RegisterApplicationRestart:  --accept-lang=tr-TR,tr;q=0.9,en;q=0.8 --allow-pre-commit-input --allow-running-insecure-content --crash-dumps-dir=/tmp --disable-2d-canvas-clip-aa --disable-accelerated-2d-canvas --disable-background-networking --disable-background-timer-throttling --disable-backgrounding-occluded-windows --disable-blink-features=AutomationControlled --disable-canvas-aa --disable-client-side-phishing-detection --disable-component-extensions-with-background-pages --disable-crash-reporter --disable-default-apps --disable-dev-shm-usage --disable-extensions --disable-features=TranslateUI,VizDisplayCompositor --disable-gl-drawing-for-tests --disable-gpu --disable-hang-monitor --disable-images --disable-ipc-flooding-protection --disable-logging --disable-login-animations --disable-plugins --disable-popup-blocking --disable-prompt-on-repost --disable-renderer-backgrounding --disable-software-rasterizer --disable-sync --disable-web-security --enable-logging --force-device-scale-factor=1 --lang=tr-TR,tr --log-level=0 --max_old_space_size=4096 --memory-pressure-off --no-default-browser-check --no-first-run --no-sandbox --no-service-autorun --password-store=basic --remote-debugging-port=9222 --test-type=webdriver --timezone=Europe/Istanbul --use-mock-keychain --user-agent="Mozilla/5.0 (Linux; Android 16; Pixel 8) AppleWebKit/537.36 (KHTML, like Gecko) Chrome/138.0.7204.46 Mobile Safari/537.36" --user-data-dir="D:\Users\Mustafa\PycharmProjects\AkTweetorDenenme\temp_profiles\muciokrsngr" --window-size=1080,2400 --restore-last-session --restart
[7404:7024:0715/173716.613:ERROR:gpu\ipc\service\gpu_channel_manager.cc:946] Failed to create GLES3 context, fallback to GLES2.
[7404:7024:0715/173716.613:ERROR:gpu\ipc\service\gpu_channel_manager.cc:957] ContextResult::kFatalFailure: Failed to create shared context for virtualization.
[7404:7024:0715/173717.118:ERROR:gpu\ipc\service\gpu_channel_manager.cc:946] Failed to create GLES3 context, fallback to GLES2.
[7404:7024:0715/173717.118:ERROR:gpu\ipc\service\gpu_channel_manager.cc:957] ContextResult::kFatalFailure: Failed to create shared context for virtualization.
[7404:7024:0715/173717.118:ERROR:gpu\ipc\service\gpu_channel_manager.cc:946] Failed to create GLES3 context, fallback to GLES2.
[7404:7024:0715/173717.118:ERROR:gpu\ipc\service\gpu_channel_manager.cc:957] ContextResult::kFatalFailure: Failed to create shared context for virtualization.
[20024:13472:0715/173720.769:ERROR:google_apis\gcm\engine\registration_request.cc:291] Registration response error message: PHONE_REGISTRATION_ERROR
[20024:13472:0715/173720.799:ERROR:google_apis\gcm\engine\registration_request.cc:291] Registration response error message: PHONE_REGISTRATION_ERROR
[19860:17584:0715/173725.136:INFO:third_party\blink\renderer\modules\peerconnection\peer_connection_dependency_factory.cc:802] Running WebRTC with a combined Network and Worker thread.
[20024:17316:0715/173726.056:INFO:CONSOLE:74] "[GSI_LOGGER]: Your client application uses one of the Google One Tap prompt UI status methods that may stop functioning when FedCM becomes mandatory. Refer to the migration guide to update your code accordingly and opt-in to FedCM to test your changes. Learn more: https://developers.google.com/identity/gsi/web/guides/fedcm-migration?s=dc#display_moment and https://developers.google.com/identity/gsi/web/guides/fedcm-migration?s=dc#skipped_moment", source: https://accounts.google.com/gsi/client (74)
[20024:17316:0715/173726.179:INFO:CONSOLE:0] "Not signed in with the identity provider.", source: https://x.com/i/flow/login?lang=tr (0)
[20024:17316:0715/173726.180:INFO:CONSOLE:75] "[GSI_LOGGER]: FedCM get() rejects with AbortError: signal is aborted without reason", source: https://accounts.google.com/gsi/client (75)
[20024:17316:0715/173726.181:INFO:CONSOLE:0] "Not signed in with the identity provider.", source: https://x.com/i/flow/login?lang=tr (0)
[20024:17316:0715/173726.450:WARNING:chrome\browser\performance_manager\policies\page_discarding_helper.cc:137] Discarding multiple pages with target (kb): 0, discard_protected_tabs: 0
[20024:17316:0715/173726.864:INFO:CONSOLE:0] "Banner not shown: beforeinstallpromptevent.preventDefault() called. The page must call beforeinstallpromptevent.prompt() to show the banner.", source: https://x.com/i/flow/login?lang=tr (0)
[20024:17316:0715/173727.320:WARNING:content\browser\download\download_manager_impl.cc:702] A download with the same GUID already exists, the new request is ignored.
[20024:17316:0715/173729.302:INFO:CONSOLE:75] "[GSI_LOGGER]: FedCM get() rejects with NetworkError: Error retrieving a token.", source: https://accounts.google.com/gsi/client (75)
[20024:17316:0715/173731.451:WARNING:chrome\browser\performance_manager\policies\page_discarding_helper.cc:137] Discarding multiple pages with target (kb): 0, discard_protected_tabs: 0
[20024:17316:0715/173736.453:WARNING:chrome\browser\performance_manager\policies\page_discarding_helper.cc:137] Discarding multiple pages with target (kb): 0, discard_protected_tabs: 0
[20024:17316:0715/173741.456:WARNING:chrome\browser\performance_manager\policies\page_discarding_helper.cc:137] Discarding multiple pages with target (kb): 0, discard_protected_tabs: 0
[20024:17316:0715/173746.464:WARNING:chrome\browser\performance_manager\policies\page_discarding_helper.cc:137] Discarding multiple pages with target (kb): 0, discard_protected_tabs: 0
[20024:13472:0715/173749.151:ERROR:google_apis\gcm\engine\registration_request.cc:291] Registration response error message: DEPRECATED_ENDPOINT
[20024:17316:0715/173751.480:WARNING:chrome\browser\performance_manager\policies\page_discarding_helper.cc:137] Discarding multiple pages with target (kb): 0, discard_protected_tabs: 0
[20024:17316:0715/173756.486:WARNING:chrome\browser\performance_manager\policies\page_discarding_helper.cc:137] Discarding multiple pages with target (kb): 0, discard_protected_tabs: 0
