[2025-07-01 14:36:51] [INFO    ] [AkTweetor] ✅ MySQL bağlantı havuzu oluşturuldu
[2025-07-01 14:36:51] [INFO    ] [AkTweetor] ✅ MySQL tabloları oluşturuldu/kontrol edildi
[2025-07-01 14:36:51] [INFO    ] [AkTweetor] ✅ MySQL bağlantısı başarılı
[2025-07-01 17:30:15] [INFO    ] [AkTweetor] ✅ MySQL bağlantı havuzu oluşturuldu
[2025-07-01 17:30:15] [INFO    ] [AkTweetor] ✅ MySQL tabloları oluşturuldu/kontrol edildi
[2025-07-01 17:30:15] [INFO    ] [AkTweetor] ✅ MySQL bağlantısı başarılı
[2025-07-01 17:30:53] [INFO    ] [AkTweetor] ✅ MySQL bağlantı havuzu oluşturuldu
[2025-07-01 17:30:53] [INFO    ] [AkTweetor] ✅ MySQL tabloları oluşturuldu/kontrol edildi
[2025-07-01 17:30:53] [INFO    ] [AkTweetor] ✅ MySQL bağlantısı başarılı
[2025-07-01 17:46:18] [INFO    ] [AkTweetor] ✅ MySQL bağlantı havuzu oluşturuldu
[2025-07-01 17:46:18] [INFO    ] [AkTweetor] ✅ MySQL tabloları oluşturuldu/kontrol edildi
[2025-07-01 17:46:18] [INFO    ] [AkTweetor] ✅ MySQL bağlantısı başarılı
[2025-07-05 17:35:16] [ERROR   ] [AkTweetor] ❌ MySQL bağlantı havuzu hatası: 2003 (HY000): Can't connect to MySQL server on 'localhost:3306' (10061)
[2025-07-05 17:35:16] [ERROR   ] [AkTweetor] AkTweetor hatası in init_connection_pool: MySQL bağlantı havuzu hatası: 2003 (HY000): Can't connect to MySQL server on 'localhost:3306' (10061)
[2025-07-05 17:44:14] [INFO    ] [AkTweetor] ✅ MySQL bağlantı havuzu oluşturuldu
[2025-07-05 17:44:14] [INFO    ] [AkTweetor] ✅ MySQL tabloları oluşturuldu/kontrol edildi
[2025-07-05 17:44:14] [INFO    ] [AkTweetor] ✅ MySQL bağlantısı başarılı
[2025-07-05 20:06:49] [INFO    ] [AkTweetor] ✅ MySQL bağlantı havuzu oluşturuldu
[2025-07-05 20:06:49] [INFO    ] [AkTweetor] ✅ MySQL tabloları oluşturuldu/kontrol edildi
[2025-07-05 20:06:49] [INFO    ] [AkTweetor] ✅ MySQL bağlantısı başarılı
[2025-07-05 20:26:20] [INFO    ] [AkTweetor] ✅ MySQL bağlantı havuzu oluşturuldu
[2025-07-05 20:26:20] [INFO    ] [AkTweetor] ✅ MySQL tabloları oluşturuldu/kontrol edildi
[2025-07-05 20:26:20] [INFO    ] [AkTweetor] ✅ MySQL bağlantısı başarılı
[2025-07-05 20:26:54] [INFO    ] [AkTweetor] ✅ MySQL bağlantı havuzu oluşturuldu
[2025-07-05 20:26:54] [INFO    ] [AkTweetor] ✅ MySQL tabloları oluşturuldu/kontrol edildi
[2025-07-05 20:26:54] [INFO    ] [AkTweetor] ✅ MySQL bağlantısı başarılı
[2025-07-05 21:32:30] [INFO    ] [AkTweetor] ✅ MySQL bağlantı havuzu oluşturuldu
[2025-07-05 21:32:30] [INFO    ] [AkTweetor] ✅ MySQL tabloları oluşturuldu/kontrol edildi
[2025-07-05 21:32:30] [INFO    ] [AkTweetor] ✅ MySQL bağlantısı başarılı
[2025-07-05 21:38:37] [INFO    ] [AkTweetor] ✅ MySQL bağlantı havuzu oluşturuldu
[2025-07-05 21:38:37] [INFO    ] [AkTweetor] ✅ MySQL tabloları oluşturuldu/kontrol edildi
[2025-07-05 21:38:37] [INFO    ] [AkTweetor] ✅ MySQL bağlantısı başarılı
[2025-07-05 22:04:07] [INFO    ] [AkTweetor] ✅ MySQL bağlantı havuzu oluşturuldu
[2025-07-05 22:04:07] [INFO    ] [AkTweetor] ✅ MySQL tabloları oluşturuldu/kontrol edildi
[2025-07-05 22:04:07] [INFO    ] [AkTweetor] ✅ MySQL bağlantısı başarılı
[2025-07-05 22:26:56] [INFO    ] [AkTweetor] ✅ MySQL bağlantı havuzu oluşturuldu
[2025-07-05 22:26:56] [INFO    ] [AkTweetor] ✅ MySQL tabloları oluşturuldu/kontrol edildi
[2025-07-05 22:26:56] [INFO    ] [AkTweetor] ✅ MySQL bağlantısı başarılı
[2025-07-05 22:30:43] [INFO    ] [AkTweetor] ✅ MySQL bağlantı havuzu oluşturuldu
[2025-07-05 22:30:43] [INFO    ] [AkTweetor] ✅ MySQL tabloları oluşturuldu/kontrol edildi
[2025-07-05 22:30:43] [INFO    ] [AkTweetor] ✅ MySQL bağlantısı başarılı
